<?xml version="1.0" encoding="UTF-8"?>
<!-- Generated by org.testng.reporters.JUnitXMLReporter -->
<testsuite hostname="Drig" ignored="0" name="Test" tests="8" failures="0" timestamp="06 Jun 2019 03:28:03 GMT" time="52.351" errors="0">
  <testcase name="fileupload" time="16.951" classname="com.Autoit.UploadMultipleFile"/>
  <testcase name="testA3" time="5.005" classname="suiteA.TestA3"/>
  <testcase name="fileupload" time="5.332" classname="com.Autoit.UploadFileAutoIt"/>
  <testcase name="testB2" time="5.003" classname="suiteB.TestB2"/>
  <testcase name="testA2" time="5.002" classname="suiteA.TestA2"/>
  <testcase name="testB" time="5.001" classname="suiteB.TestB"/>
  <testcase name="testB3" time="5.003" classname="suiteB.TestB3"/>
  <testcase name="testA" time="5.003" classname="suiteA.TestA"/>
</testsuite> <!-- Test -->
